Build started 26.03.2015 10:20:32.
     1>Project "C:\Users\cathalus\Desktop\CG2015-OpenGL_Engine\OpenGL_Engine\OpenGL_Engine.vcxproj" on node 2 (Build target(s)).
     1>ClCompile:
         C:\Program Files (x86)\Microsoft Visual Studio 12.0\VC\bin\CL.exe /c /I"C:\Users\cathalus\Desktop\CG2015-OpenGL_Engine\\include" /ZI /nologo /W3 /WX- /sdl /Od /Oy- /D _CRT_SECURE_NO_WARNINGS /D _MBCS /Gm /EHsc /RTC1 /MDd /GS /fp:precise /Zc:wchar_t /Zc:forScope /Fo"Debug\\" /Fd"Debug\vc120.pdb" /Gd /TP /analyze- /errorReport:prompt GLTools.cpp
         GLTools.cpp
     1>c:\users\cathalus\desktop\cg2015-opengl_engine\opengl_engine\gltools.cpp(13): warning C4305: 'initializing' : truncation from 'double' to 'float'
     1>c:\users\cathalus\desktop\cg2015-opengl_engine\opengl_engine\gltools.cpp(773): warning C4018: '<' : signed/unsigned mismatch
     1>c:\users\cathalus\desktop\cg2015-opengl_engine\opengl_engine\gltools.cpp(795): warning C4018: '<' : signed/unsigned mismatch
     1>c:\users\cathalus\desktop\cg2015-opengl_engine\opengl_engine\gltools.cpp(705): warning C4101: 'iY' : unreferenced local variable
     1>c:\users\cathalus\desktop\cg2015-opengl_engine\opengl_engine\gltools.cpp(704): warning C4101: 'nX' : unreferenced local variable
     1>c:\users\cathalus\desktop\cg2015-opengl_engine\opengl_engine\gltools.cpp(705): warning C4101: 'iZ' : unreferenced local variable
     1>c:\users\cathalus\desktop\cg2015-opengl_engine\opengl_engine\gltools.cpp(703): warning C4101: 'vZ' : unreferenced local variable
     1>c:\users\cathalus\desktop\cg2015-opengl_engine\opengl_engine\gltools.cpp(705): warning C4101: 'iX' : unreferenced local variable
     1>c:\users\cathalus\desktop\cg2015-opengl_engine\opengl_engine\gltools.cpp(704): warning C4101: 'nZ' : unreferenced local variable
     1>c:\users\cathalus\desktop\cg2015-opengl_engine\opengl_engine\gltools.cpp(704): warning C4101: 'nY' : unreferenced local variable
     1>c:\users\cathalus\desktop\cg2015-opengl_engine\opengl_engine\gltools.cpp(703): warning C4101: 'vY' : unreferenced local variable
     1>c:\users\cathalus\desktop\cg2015-opengl_engine\opengl_engine\gltools.cpp(703): warning C4101: 'vX' : unreferenced local variable
       Lib:
         C:\Program Files (x86)\Microsoft Visual Studio 12.0\VC\bin\Lib.exe /OUT:"C:\Users\cathalus\Desktop\CG2015-OpenGL_Engine\\lib\glEngine.lib" /NOLOGO Debug\Display.obj
         Debug\Framebuffer.obj
         Debug\GLTools.obj
         Debug\obj_loader.obj
         Debug\shaderattributes.obj
         Debug\shadermanager.obj
         Debug\shaderuniforms.obj
         Debug\stb_image.obj
         Debug\Texture.obj
         Debug\tiny_obj_loader.obj
         OpenGL_Engine.vcxproj -> C:\Users\cathalus\Desktop\CG2015-OpenGL_Engine\\lib\glEngine.lib
     1>Done Building Project "C:\Users\cathalus\Desktop\CG2015-OpenGL_Engine\OpenGL_Engine\OpenGL_Engine.vcxproj" (Build target(s)).

Build succeeded.

Time Elapsed 00:00:00.86
