c:\users\cathalus\documents\cg2015-opengl_engine\opengl_engine\release\vc120.pdb
c:\users\cathalus\documents\cg2015-opengl_engine\opengl_engine\release\tiny_obj_loader.obj
c:\users\cathalus\documents\cg2015-opengl_engine\opengl_engine\release\texture.obj
c:\users\cathalus\documents\cg2015-opengl_engine\opengl_engine\release\shaderuniforms.obj
c:\users\cathalus\documents\cg2015-opengl_engine\opengl_engine\release\shadermanager.obj
c:\users\cathalus\documents\cg2015-opengl_engine\opengl_engine\release\shaderattributes.obj
c:\users\cathalus\documents\cg2015-opengl_engine\opengl_engine\release\obj_loader.obj
c:\users\cathalus\documents\cg2015-opengl_engine\opengl_engine\release\gltools.obj
c:\users\cathalus\documents\cg2015-opengl_engine\opengl_engine\release\framebuffer.obj
c:\users\cathalus\documents\cg2015-opengl_engine\opengl_engine\release\display.obj
c:\users\cathalus\documents\cg2015-opengl_engine\opengl_engine\release\cubemap.obj
c:\users\cathalus\documents\cg2015-opengl_engine\opengl_engine\release\stb_image.obj
c:\users\cathalus\documents\cg2015-opengl_engine\lib\opengl_engine-release.lib
c:\users\cathalus\documents\cg2015-opengl_engine\\lib\opengl_engine-release.lib
c:\users\cathalus\documents\cg2015-opengl_engine\opengl_engine\release\opengl_engine.tlog\cl.command.1.tlog
c:\users\cathalus\documents\cg2015-opengl_engine\opengl_engine\release\opengl_engine.tlog\cl.read.1.tlog
c:\users\cathalus\documents\cg2015-opengl_engine\opengl_engine\release\opengl_engine.tlog\cl.write.1.tlog
c:\users\cathalus\documents\cg2015-opengl_engine\opengl_engine\release\opengl_engine.tlog\lib-link.read.1.tlog
c:\users\cathalus\documents\cg2015-opengl_engine\opengl_engine\release\opengl_engine.tlog\lib-link.write.1.tlog
c:\users\cathalus\documents\cg2015-opengl_engine\opengl_engine\release\opengl_engine.tlog\lib.command.1.tlog
c:\users\cathalus\documents\cg2015-opengl_engine\opengl_engine\release\opengl_engine.tlog\link.command.1.tlog
c:\users\cathalus\documents\cg2015-opengl_engine\opengl_engine\release\opengl_engine.tlog\link.read.1.tlog
c:\users\cathalus\documents\cg2015-opengl_engine\opengl_engine\release\opengl_engine.tlog\link.write.1.tlog
