Build started 04.04.2015 19:43:18.
     1>Project "C:\Users\Cathalus\Documents\CG2015-OpenGL_Engine\RenderToTexture\RenderToTexture.vcxproj" on node 3 (Build target(s)).
     1>ClCompile:
         C:\Program Files (x86)\Microsoft Visual Studio 12.0\VC\bin\CL.exe /c /I"C:\Users\Cathalus\Documents\CG2015-OpenGL_Engine\\include" /I"C:\Users\Cathalus\Documents\CG2015-OpenGL_Engine\\" /I"C:\Users\Cathalus\Documents\CG2015-OpenGL_Engine" /I"C:\Users\Cathalus\Documents\CG2015-OpenGL_Engine\include" /Zi /nologo /W3 /WX- /sdl /O2 /Oi /Oy- /GL /D _MBCS /Gm- /EHsc /MD /GS /Gy /fp:precise /Zc:wchar_t /Zc:forScope /Fo"Release\\" /Fd"Release\vc120.pdb" /Gd /TP /analyze- /errorReport:prompt RenderToTextureScene.cpp init.cpp
         RenderToTextureScene.cpp
     1>c:\users\cathalus\documents\cg2015-opengl_engine\opengl_engine\Model.h(12): warning C4316: 'glm::tmat4x4<float,0>' : object allocated on the heap may not be aligned 16
     1>c:\users\cathalus\documents\cg2015-opengl_engine\opengl_engine\Entity.h(69): warning C4316: 'glm::tmat4x4<float,0>' : object allocated on the heap may not be aligned 16
     1>c:\users\cathalus\documents\cg2015-opengl_engine\opengl_engine\Entity.h(70): warning C4316: 'glm::tmat4x4<float,0>' : object allocated on the heap may not be aligned 16
     1>c:\users\cathalus\documents\cg2015-opengl_engine\opengl_engine\Entity.h(27): warning C4316: 'glm::tmat4x4<float,0>' : object allocated on the heap may not be aligned 16
     1>c:\users\cathalus\documents\cg2015-opengl_engine\opengl_engine\Entity.h(78): warning C4316: 'glm::tmat4x4<float,0>' : object allocated on the heap may not be aligned 16
     1>RenderToTextureScene.cpp(129): warning C4244: '=' : conversion from 'int' to 'GLfloat', possible loss of data
     1>RenderToTextureScene.cpp(130): warning C4244: '=' : conversion from 'int' to 'GLfloat', possible loss of data
     1>RenderToTextureScene.cpp(132): warning C4244: 'argument' : conversion from 'GLfloat' to 'int', possible loss of data
     1>RenderToTextureScene.cpp(135): warning C4244: '=' : conversion from 'int' to 'GLfloat', possible loss of data
     1>RenderToTextureScene.cpp(136): warning C4244: '=' : conversion from 'int' to 'GLfloat', possible loss of data
     1>RenderToTextureScene.cpp(301): warning C4244: '=' : conversion from 'int' to 'GLfloat', possible loss of data
     1>RenderToTextureScene.cpp(302): warning C4244: '=' : conversion from 'int' to 'GLfloat', possible loss of data
     1>RenderToTextureScene.cpp(327): warning C4305: 'argument' : truncation from 'double' to 'float'
     1>RenderToTextureScene.cpp(327): warning C4316: 'Camera' : object allocated on the heap may not be aligned 16
     1>RenderToTextureScene.cpp(333): warning C4316: 'Camera' : object allocated on the heap may not be aligned 16
     1>RenderToTextureScene.cpp(365): error C2661: 'DirectionalLight::DirectionalLight' : no overloaded function takes 3 arguments
     1>RenderToTextureScene.cpp(372): warning C4305: 'argument' : truncation from 'double' to 'float'
         init.cpp
     1>c:\users\cathalus\documents\cg2015-opengl_engine\opengl_engine\Model.h(12): warning C4316: 'glm::tmat4x4<float,0>' : object allocated on the heap may not be aligned 16
     1>c:\users\cathalus\documents\cg2015-opengl_engine\opengl_engine\Entity.h(69): warning C4316: 'glm::tmat4x4<float,0>' : object allocated on the heap may not be aligned 16
     1>c:\users\cathalus\documents\cg2015-opengl_engine\opengl_engine\Entity.h(70): warning C4316: 'glm::tmat4x4<float,0>' : object allocated on the heap may not be aligned 16
     1>c:\users\cathalus\documents\cg2015-opengl_engine\opengl_engine\Entity.h(27): warning C4316: 'glm::tmat4x4<float,0>' : object allocated on the heap may not be aligned 16
     1>c:\users\cathalus\documents\cg2015-opengl_engine\opengl_engine\Entity.h(78): warning C4316: 'glm::tmat4x4<float,0>' : object allocated on the heap may not be aligned 16
     1>init.cpp(17): warning C4305: 'argument' : truncation from 'double' to 'float'
     1>init.cpp(17): warning C4244: 'argument' : conversion from 'int' to 'float', possible loss of data
     1>init.cpp(17): warning C4316: 'Camera' : object allocated on the heap may not be aligned 16
     1>Done Building Project "C:\Users\Cathalus\Documents\CG2015-OpenGL_Engine\RenderToTexture\RenderToTexture.vcxproj" (Build target(s)) -- FAILED.

Build FAILED.

Time Elapsed 00:00:01.69
