Build started 26.03.2015 10:20:34.
     1>Project "C:\Users\cathalus\Desktop\CG2015-OpenGL_Engine\RenderToTexture\RenderToTexture.vcxproj" on node 2 (Build target(s)).
     1>Link:
         C:\Program Files (x86)\Microsoft Visual Studio 12.0\VC\bin\link.exe /ERRORREPORT:PROMPT /OUT:"C:\Users\cathalus\Desktop\CG2015-OpenGL_Engine\Debug\RenderToTexture.exe" /INCREMENTAL /NOLOGO /LIBPATH:"C:\Users\cathalus\Desktop\CG2015-OpenGL_Engine\\lib" glew32s.lib SDL2.lib SDL2main.lib SDL2test.lib OpenGL32.lib glEngine.lib assimpd.lib kernel32.lib user32.lib gdi32.lib winspool.lib comdlg32.lib advapi32.lib shell32.lib ole32.lib oleaut32.lib uuid.lib odbc32.lib odbccp32.lib /MANIFEST /MANIFESTUAC:"level='asInvoker' uiAccess='false'" /manifest:embed /DEBUG /PDB:"C:\Users\cathalus\Desktop\CG2015-OpenGL_Engine\Debug\RenderToTexture.pdb" /TLBID:1 /DYNAMICBASE /NXCOMPAT /IMPLIB:"C:\Users\cathalus\Desktop\CG2015-OpenGL_Engine\Debug\RenderToTexture.lib" /MACHINE:X86 Debug\init.obj
         Debug\RenderToTextureScene.obj
     1>MSVCRTD.lib(cinitexe.obj) : warning LNK4098: defaultlib 'libcmt.lib' conflicts with use of other libs; use /NODEFAULTLIB:library
     1>glEngine.lib(Framebuffer.obj) : warning LNK4049: locally defined symbol ___glewDrawBuffers imported
     1>glEngine.lib(Framebuffer.obj) : warning LNK4049: locally defined symbol ___glewBindFramebuffer imported
     1>glEngine.lib(Framebuffer.obj) : warning LNK4049: locally defined symbol ___glewBindRenderbuffer imported
     1>glEngine.lib(Framebuffer.obj) : warning LNK4049: locally defined symbol ___glewCheckFramebufferStatus imported
     1>glEngine.lib(Framebuffer.obj) : warning LNK4049: locally defined symbol ___glewDeleteFramebuffers imported
     1>glEngine.lib(Framebuffer.obj) : warning LNK4049: locally defined symbol ___glewFramebufferRenderbuffer imported
     1>glEngine.lib(Framebuffer.obj) : warning LNK4049: locally defined symbol ___glewFramebufferTexture2D imported
     1>glEngine.lib(Framebuffer.obj) : warning LNK4049: locally defined symbol ___glewGenFramebuffers imported
     1>glEngine.lib(Framebuffer.obj) : warning LNK4049: locally defined symbol ___glewGenRenderbuffers imported
     1>glEngine.lib(Framebuffer.obj) : warning LNK4049: locally defined symbol ___glewRenderbufferStorage imported
     1>glEngine.lib(shadermanager.obj) : warning LNK4049: locally defined symbol ___glewAttachShader imported
     1>glEngine.lib(shadermanager.obj) : warning LNK4049: locally defined symbol ___glewBindAttribLocation imported
     1>glEngine.lib(shadermanager.obj) : warning LNK4049: locally defined symbol ___glewCompileShader imported
     1>glEngine.lib(shadermanager.obj) : warning LNK4049: locally defined symbol ___glewCreateProgram imported
     1>glEngine.lib(shadermanager.obj) : warning LNK4049: locally defined symbol ___glewCreateShader imported
     1>glEngine.lib(shadermanager.obj) : warning LNK4049: locally defined symbol ___glewDeleteShader imported
     1>glEngine.lib(shadermanager.obj) : warning LNK4049: locally defined symbol ___glewGetProgramInfoLog imported
     1>glEngine.lib(shadermanager.obj) : warning LNK4049: locally defined symbol ___glewGetProgramiv imported
     1>glEngine.lib(shadermanager.obj) : warning LNK4049: locally defined symbol ___glewGetShaderInfoLog imported
     1>glEngine.lib(shadermanager.obj) : warning LNK4049: locally defined symbol ___glewGetShaderiv imported
     1>glEngine.lib(shadermanager.obj) : warning LNK4049: locally defined symbol ___glewLinkProgram imported
     1>glEngine.lib(shadermanager.obj) : warning LNK4049: locally defined symbol ___glewShaderSource imported
     1>glEngine.lib(shadermanager.obj) : warning LNK4049: locally defined symbol ___glewUseProgram imported
     1>glEngine.lib(shadermanager.obj) : warning LNK4049: locally defined symbol ___glewBindVertexArray imported
     1>glEngine.lib(shaderattributes.obj) : warning LNK4049: locally defined symbol ___glewBindVertexArray imported
     1>glEngine.lib(Texture.obj) : warning LNK4049: locally defined symbol ___glewActiveTexture imported
     1>glEngine.lib(Texture.obj) : warning LNK4049: locally defined symbol ___glewGenerateMipmap imported
     1>glEngine.lib(shaderuniforms.obj) : warning LNK4049: locally defined symbol ___glewGetUniformLocation imported
     1>glEngine.lib(shaderuniforms.obj) : warning LNK4049: locally defined symbol ___glewUniform1f imported
     1>glEngine.lib(shaderuniforms.obj) : warning LNK4049: locally defined symbol ___glewUniform1i imported
     1>glEngine.lib(shaderuniforms.obj) : warning LNK4049: locally defined symbol ___glewUniform2fv imported
     1>glEngine.lib(shaderuniforms.obj) : warning LNK4049: locally defined symbol ___glewUniform3fv imported
     1>glEngine.lib(shaderuniforms.obj) : warning LNK4049: locally defined symbol ___glewUniform4fv imported
     1>glEngine.lib(shaderuniforms.obj) : warning LNK4049: locally defined symbol ___glewUniformMatrix3fv imported
     1>glEngine.lib(shaderuniforms.obj) : warning LNK4049: locally defined symbol ___glewUniformMatrix4fv imported
     1>glEngine.lib(shaderuniforms.obj) : warning LNK4049: locally defined symbol ___glewUniform1ui imported
     1>glEngine.lib(shaderattributes.obj) : warning LNK4049: locally defined symbol ___glewBindBuffer imported
     1>glEngine.lib(shaderattributes.obj) : warning LNK4049: locally defined symbol ___glewBufferData imported
     1>glEngine.lib(shaderattributes.obj) : warning LNK4049: locally defined symbol ___glewGenBuffers imported
     1>glEngine.lib(shaderattributes.obj) : warning LNK4049: locally defined symbol ___glewEnableVertexAttribArray imported
     1>glEngine.lib(shaderattributes.obj) : warning LNK4049: locally defined symbol ___glewVertexAttribPointer imported
     1>glEngine.lib(shaderattributes.obj) : warning LNK4049: locally defined symbol ___glewDeleteVertexArrays imported
     1>glEngine.lib(shaderattributes.obj) : warning LNK4049: locally defined symbol ___glewGenVertexArrays imported
     1>glew32s.lib(glew.obj) : warning LNK4099: PDB 'vc120.pdb' was not found with 'glew32s.lib(glew.obj)' or at 'C:\Users\cathalus\Desktop\CG2015-OpenGL_Engine\Debug\vc120.pdb'; linking object as if no debug info
         RenderToTexture.vcxproj -> C:\Users\cathalus\Desktop\CG2015-OpenGL_Engine\Debug\RenderToTexture.exe
     1>Done Building Project "C:\Users\cathalus\Desktop\CG2015-OpenGL_Engine\RenderToTexture\RenderToTexture.vcxproj" (Build target(s)).

Build succeeded.

Time Elapsed 00:00:00.34
