Build started 04.04.2015 10:19:18.
     1>Project "C:\Users\Cathalus\Documents\CG2015-OpenGL_Engine\Forest\Forest.vcxproj" on node 3 (Build target(s)).
     1>ClCompile:
         C:\Program Files (x86)\Microsoft Visual Studio 12.0\VC\bin\CL.exe /c /I"C:\Users\Cathalus\Documents\CG2015-OpenGL_Engine\\include" /I"C:\Users\Cathalus\Documents\CG2015-OpenGL_Engine\\" /Zi /nologo /W3 /WX- /sdl /O2 /Oi /Oy- /GL /D _MBCS /Gm- /EHsc /MD /GS /Gy /fp:precise /Zc:wchar_t /Zc:forScope /Fo"Release\\" /Fd"Release\vc120.pdb" /Gd /TP /analyze- /errorReport:prompt GameplayScene.cpp forest.cpp
         GameplayScene.cpp
     1>c:\users\cathalus\documents\cg2015-opengl_engine\opengl_engine\Model.h(12): warning C4316: 'glm::tmat4x4<float,0>' : object allocated on the heap may not be aligned 16
     1>c:\users\cathalus\documents\cg2015-opengl_engine\opengl_engine\Entity.h(69): warning C4316: 'glm::tmat4x4<float,0>' : object allocated on the heap may not be aligned 16
     1>c:\users\cathalus\documents\cg2015-opengl_engine\opengl_engine\Entity.h(70): warning C4316: 'glm::tmat4x4<float,0>' : object allocated on the heap may not be aligned 16
     1>c:\users\cathalus\documents\cg2015-opengl_engine\opengl_engine\Entity.h(27): warning C4316: 'glm::tmat4x4<float,0>' : object allocated on the heap may not be aligned 16
     1>c:\users\cathalus\documents\cg2015-opengl_engine\opengl_engine\Entity.h(78): warning C4316: 'glm::tmat4x4<float,0>' : object allocated on the heap may not be aligned 16
     1>GameplayScene.cpp(33): warning C4244: 'initializing' : conversion from 'int' to 'GLfloat', possible loss of data
     1>GameplayScene.cpp(35): warning C4244: 'initializing' : conversion from 'int' to 'GLfloat', possible loss of data
         forest.cpp
     1>c:\users\cathalus\documents\cg2015-opengl_engine\opengl_engine\Model.h(12): warning C4316: 'glm::tmat4x4<float,0>' : object allocated on the heap may not be aligned 16
     1>c:\users\cathalus\documents\cg2015-opengl_engine\opengl_engine\Entity.h(69): warning C4316: 'glm::tmat4x4<float,0>' : object allocated on the heap may not be aligned 16
     1>c:\users\cathalus\documents\cg2015-opengl_engine\opengl_engine\Entity.h(70): warning C4316: 'glm::tmat4x4<float,0>' : object allocated on the heap may not be aligned 16
     1>c:\users\cathalus\documents\cg2015-opengl_engine\opengl_engine\Entity.h(27): warning C4316: 'glm::tmat4x4<float,0>' : object allocated on the heap may not be aligned 16
     1>c:\users\cathalus\documents\cg2015-opengl_engine\opengl_engine\Entity.h(78): warning C4316: 'glm::tmat4x4<float,0>' : object allocated on the heap may not be aligned 16
     1>forest.cpp(9): warning C4244: 'argument' : conversion from 'int' to 'float', possible loss of data
     1>forest.cpp(9): warning C4316: 'Camera' : object allocated on the heap may not be aligned 16
       Link:
         C:\Program Files (x86)\Microsoft Visual Studio 12.0\VC\bin\link.exe /ERRORREPORT:PROMPT /OUT:"C:\Users\Cathalus\Documents\CG2015-OpenGL_Engine\Release\Forest.exe" /NOLOGO /LIBPATH:"C:\Users\Cathalus\Documents\CG2015-OpenGL_Engine\\lib" glew32s.lib SDL2.lib SDL2main.lib SDL2test.lib OpenGL32.lib glEngine.lib assimpd.lib kernel32.lib user32.lib gdi32.lib winspool.lib comdlg32.lib advapi32.lib shell32.lib ole32.lib oleaut32.lib uuid.lib odbc32.lib odbccp32.lib /MANIFEST /MANIFESTUAC:"level='asInvoker' uiAccess='false'" /manifest:embed /DEBUG /PDB:"C:\Users\Cathalus\Documents\CG2015-OpenGL_Engine\Release\Forest.pdb" /OPT:REF /OPT:ICF /LTCG /TLBID:1 /DYNAMICBASE /NXCOMPAT /IMPLIB:"C:\Users\Cathalus\Documents\CG2015-OpenGL_Engine\Release\Forest.lib" /MACHINE:X86 /SAFESEH Release\forest.obj
         Release\GameplayScene.obj
     1>glEngine.lib(shadermanager.obj) : error LNK2038: mismatch detected for '_ITERATOR_DEBUG_LEVEL': value '2' doesn't match value '0' in forest.obj
     1>glEngine.lib(shadermanager.obj) : error LNK2038: mismatch detected for 'RuntimeLibrary': value 'MDd_DynamicDebug' doesn't match value 'MD_DynamicRelease' in forest.obj
     1>glEngine.lib(shadermanager.obj) : warning LNK4075: ignoring '/EDITANDCONTINUE' due to '/OPT:ICF' specification
     1>glEngine.lib(Display.obj) : error LNK2038: mismatch detected for '_ITERATOR_DEBUG_LEVEL': value '2' doesn't match value '0' in forest.obj
     1>glEngine.lib(Display.obj) : error LNK2038: mismatch detected for 'RuntimeLibrary': value 'MDd_DynamicDebug' doesn't match value 'MD_DynamicRelease' in forest.obj
     1>glEngine.lib(GLTools.obj) : error LNK2038: mismatch detected for '_ITERATOR_DEBUG_LEVEL': value '2' doesn't match value '0' in forest.obj
     1>glEngine.lib(GLTools.obj) : error LNK2038: mismatch detected for 'RuntimeLibrary': value 'MDd_DynamicDebug' doesn't match value 'MD_DynamicRelease' in forest.obj
     1>glEngine.lib(shaderuniforms.obj) : error LNK2038: mismatch detected for '_ITERATOR_DEBUG_LEVEL': value '2' doesn't match value '0' in forest.obj
     1>glEngine.lib(shaderuniforms.obj) : error LNK2038: mismatch detected for 'RuntimeLibrary': value 'MDd_DynamicDebug' doesn't match value 'MD_DynamicRelease' in forest.obj
     1>glEngine.lib(Texture.obj) : error LNK2038: mismatch detected for '_ITERATOR_DEBUG_LEVEL': value '2' doesn't match value '0' in forest.obj
     1>glEngine.lib(Texture.obj) : error LNK2038: mismatch detected for 'RuntimeLibrary': value 'MDd_DynamicDebug' doesn't match value 'MD_DynamicRelease' in forest.obj
     1>glEngine.lib(shaderattributes.obj) : error LNK2038: mismatch detected for '_ITERATOR_DEBUG_LEVEL': value '2' doesn't match value '0' in forest.obj
     1>glEngine.lib(shaderattributes.obj) : error LNK2038: mismatch detected for 'RuntimeLibrary': value 'MDd_DynamicDebug' doesn't match value 'MD_DynamicRelease' in forest.obj
     1>LINK : warning LNK4098: defaultlib 'MSVCRTD' conflicts with use of other libs; use /NODEFAULTLIB:library
     1>MSVCRT.lib(cinitexe.obj) : warning LNK4098: defaultlib 'libcmt.lib' conflicts with use of other libs; use /NODEFAULTLIB:library
     1>C:\Users\Cathalus\Documents\CG2015-OpenGL_Engine\Release\Forest.exe : fatal error LNK1319: 12 mismatches detected
     1>Done Building Project "C:\Users\Cathalus\Documents\CG2015-OpenGL_Engine\Forest\Forest.vcxproj" (Build target(s)) -- FAILED.

Build FAILED.

Time Elapsed 00:00:02.31
